
 ######## Run 0, cls_order :[2, 1, 6, 0, 4, 5, 3, 7] ########
Create exp stream : 4 tasks,  classes order [2, 1, 6, 0, 4, 5, 3, 7] 
Input shape (L, D): (315, 3)
Training set size: 722; Val set size: 84; Test set size: 3582
buffer has 40 slots
ER mode: task, NCM classifier: False
AL strategy: RandomIter
Batch size: 40
Number of samples per AL cycle: 8
Iteration: 0
Learning a new task
task_columns: ['task_1', 'task_2', 'task_3', 'task_4']
accs_data: [50.11  0.    0.    0.  ]
Iteration: 1
accs_data: [50.11  0.    0.    0.  ]
Iteration: 2
accs_data: [50.11  0.    0.    0.  ]
Iteration: 3
accs_data: [89.85  0.    0.    0.  ]
Iteration: 4
accs_data: [87.97  0.    0.    0.  ]
Iteration: 5
accs_data: [94.7  0.   0.   0. ]
Iteration: 6
accs_data: [98.45  0.    0.    0.  ]
Iteration: 7
accs_data: [99.67  0.    0.    0.  ]
Iteration: 8
accs_data: [99.56  0.    0.    0.  ]
Iteration: 9
accs_data: [99.89  0.    0.    0.  ]
Number of samples per AL cycle: 9
Iteration: 0
Learning a new task
accs_data: [68.43 84.73  0.    0.  ]
Iteration: 1
accs_data: [68.65 84.39  0.    0.  ]
Iteration: 2
accs_data: [60.26 86.54  0.    0.  ]
Iteration: 3
accs_data: [59.16 94.23  0.    0.  ]
Iteration: 4
accs_data: [61.04 95.81  0.    0.  ]
Iteration: 5
accs_data: [58.61 98.98  0.    0.  ]
Iteration: 6
accs_data: [58.83 98.98  0.    0.  ]
Iteration: 7
accs_data: [58.83 98.98  0.    0.  ]
Iteration: 8
accs_data: [58.72 98.98  0.    0.  ]
Iteration: 9
accs_data: [59.6  98.76  0.    0.  ]
Number of samples per AL cycle: 9
Iteration: 0
Learning a new task
accs_data: [52.98 93.21 58.62  0.  ]
Iteration: 1
accs_data: [43.05 81.9  64.29  0.  ]
Iteration: 2
accs_data: [55.85 87.67 78.8   0.  ]
Iteration: 3
accs_data: [55.19 87.33 79.25  0.  ]
Iteration: 4
accs_data: [54.64 86.65 79.82  0.  ]
Iteration: 5
accs_data: [52.87 84.39 84.35  0.  ]
Iteration: 6
accs_data: [54.97 82.92 87.98  0.  ]
Iteration: 7
accs_data: [54.75 83.48 87.53  0.  ]
Iteration: 8
accs_data: [54.42 84.39 88.21  0.  ]
Iteration: 9
accs_data: [54.08 86.54 90.14  0.  ]
Number of samples per AL cycle: 8
Iteration: 0
Learning a new task
accs_data: [52.43 66.97 73.92 85.27]
Iteration: 1
accs_data: [47.46 71.27 75.96 87.36]
Iteration: 2
accs_data: [49.01 75.68 81.52 85.82]
Iteration: 3
accs_data: [48.9  76.02 80.84 87.36]
Iteration: 4
accs_data: [47.68 65.5  83.79 91.32]
Iteration: 5
accs_data: [47.68 66.74 83.9  90.77]
Iteration: 6
accs_data: [47.9  67.42 84.01 90.77]
Iteration: 7
accs_data: [48.9  68.67 80.73 91.54]
Iteration: 8
accs_data: [49.23 71.38 81.41 91.43]
Iteration: 9
accs_data: [50.11 71.15 84.35 93.41]

 Finish Run 0: total 115.02316451072693 sec

 ######## Run 1, cls_order :[0, 1, 5, 4, 7, 6, 2, 3] ########
Create exp stream : 4 tasks,  classes order [0, 1, 5, 4, 7, 6, 2, 3] 
Input shape (L, D): (315, 3)
Training set size: 722; Val set size: 84; Test set size: 3582
buffer has 40 slots
ER mode: task, NCM classifier: False
AL strategy: RandomIter
Batch size: 40
Number of samples per AL cycle: 9
Iteration: 0
Learning a new task
accs_data: [50.51  0.    0.    0.  ]
Iteration: 1
accs_data: [49.16  0.    0.    0.  ]
Iteration: 2
accs_data: [89.65  0.    0.    0.  ]
Iteration: 3
accs_data: [94.26  0.    0.    0.  ]
Iteration: 4
accs_data: [94.26  0.    0.    0.  ]
Iteration: 5
accs_data: [93.93  0.    0.    0.  ]
Iteration: 6
accs_data: [97.64  0.    0.    0.  ]
Iteration: 7
accs_data: [97.98  0.    0.    0.  ]
Iteration: 8
accs_data: [98.43  0.    0.    0.  ]
Iteration: 9
accs_data: [98.2  0.   0.   0. ]
Number of samples per AL cycle: 9
Iteration: 0
Learning a new task
accs_data: [86.28 70.29  0.    0.  ]
Iteration: 1
accs_data: [69.74 78.68  0.    0.  ]
Iteration: 2
accs_data: [71.88 78.68  0.    0.  ]
Iteration: 3
accs_data: [74.35 80.73  0.    0.  ]
Iteration: 4
accs_data: [74.58 81.75  0.    0.  ]
Iteration: 5
accs_data: [74.58 81.86  0.    0.  ]
Iteration: 6
accs_data: [74.92 82.09  0.    0.  ]
Iteration: 7
accs_data: [80.09 86.39  0.    0.  ]
Iteration: 8
accs_data: [80.09 86.39  0.    0.  ]
Iteration: 9
accs_data: [86.5  84.92  0.    0.  ]
Number of samples per AL cycle: 8
Iteration: 0
Learning a new task
accs_data: [80.65 70.98 94.82  0.  ]
Iteration: 1
accs_data: [83.91 67.91 95.81  0.  ]
Iteration: 2
accs_data: [82.9  66.55 97.68  0.  ]
Iteration: 3
accs_data: [81.33 64.06 97.79  0.  ]
Iteration: 4
accs_data: [82.9  61.56 98.79  0.  ]
Iteration: 5
accs_data: [81.21 59.64 98.35  0.  ]
Iteration: 6
accs_data: [82.9  67.35 98.9   0.  ]
Iteration: 7
accs_data: [83.01 67.8  98.79  0.  ]
Iteration: 8
accs_data: [85.83 69.84 98.68  0.  ]
Iteration: 9
accs_data: [82.68 69.95 99.12  0.  ]
Number of samples per AL cycle: 8
Iteration: 0
Learning a new task
accs_data: [78.29 67.12 93.5  41.81]
Iteration: 1
accs_data: [75.03 65.76 81.48 70.02]
Iteration: 2
accs_data: [78.52 71.2  90.85 71.02]
Iteration: 3
accs_data: [78.29 70.75 90.96 71.79]
Iteration: 4
accs_data: [78.29 70.63 91.07 72.23]
Iteration: 5
accs_data: [76.15 43.88 70.34 83.85]
Iteration: 6
accs_data: [76.04 44.44 72.33 83.96]
Iteration: 7
accs_data: [76.15 45.69 73.76 83.85]
Iteration: 8
accs_data: [76.27 46.49 74.31 83.63]
Iteration: 9
accs_data: [76.27 54.76 82.47 85.4 ]

 Finish Run 1: total 121.2396764755249 sec

 ######## Run 2, cls_order :[2, 6, 0, 5, 4, 1, 7, 3] ########
Create exp stream : 4 tasks,  classes order [2, 6, 0, 5, 4, 1, 7, 3] 
Input shape (L, D): (315, 3)
Training set size: 722; Val set size: 84; Test set size: 3582
buffer has 40 slots
ER mode: task, NCM classifier: False
AL strategy: RandomIter
Batch size: 40
Number of samples per AL cycle: 8
Iteration: 0
Learning a new task
accs_data: [77.14  0.    0.    0.  ]
Iteration: 1
accs_data: [65.48  0.    0.    0.  ]
Iteration: 2
accs_data: [94.78  0.    0.    0.  ]
Iteration: 3
accs_data: [95.56  0.    0.    0.  ]
Iteration: 4
accs_data: [97.78  0.    0.    0.  ]
Iteration: 5
accs_data: [98.  0.  0.  0.]
Iteration: 6
accs_data: [98.67  0.    0.    0.  ]
Iteration: 7
accs_data: [98.67  0.    0.    0.  ]
Iteration: 8
accs_data: [98.11  0.    0.    0.  ]
Iteration: 9
accs_data: [97.34  0.    0.    0.  ]
Number of samples per AL cycle: 9
Iteration: 0
Learning a new task
accs_data: [95.45 55.98  0.    0.  ]
Iteration: 1
accs_data: [82.13 83.97  0.    0.  ]
Iteration: 2
accs_data: [79.47 82.17  0.    0.  ]
Iteration: 3
accs_data: [79.91 82.28  0.    0.  ]
Iteration: 4
accs_data: [80.47 84.09  0.    0.  ]
Iteration: 5
accs_data: [82.13 84.31  0.    0.  ]
Iteration: 6
accs_data: [82.13 84.31  0.    0.  ]
Iteration: 7
accs_data: [81.58 85.55  0.    0.  ]
Iteration: 8
accs_data: [82.02 85.55  0.    0.  ]
Iteration: 9
accs_data: [84.35 85.55  0.    0.  ]
Number of samples per AL cycle: 9
Iteration: 0
Learning a new task
accs_data: [82.8  35.1  81.13  0.  ]
Iteration: 1
accs_data: [76.36 47.29 86.89  0.  ]
Iteration: 2
accs_data: [77.8  49.44 87.12  0.  ]
Iteration: 3
accs_data: [82.24 54.51 89.94  0.  ]
Iteration: 4
accs_data: [82.46 52.14 90.73  0.  ]
Iteration: 5
accs_data: [79.69 55.76 91.3   0.  ]
Iteration: 6
accs_data: [83.24 54.85 95.59  0.  ]
Iteration: 7
accs_data: [83.91 52.82 96.61  0.  ]
Iteration: 8
accs_data: [76.91 51.13 97.85  0.  ]
Iteration: 9
accs_data: [82.8  51.81 98.31  0.  ]
Number of samples per AL cycle: 8
Iteration: 0
Learning a new task
accs_data: [74.36 53.72 90.28 90.33]
Iteration: 1
accs_data: [76.03 51.92 92.09 90.99]
Iteration: 2
accs_data: [67.26 55.87 80.68 93.19]
Iteration: 3
accs_data: [67.48 55.87 82.03 93.08]
Iteration: 4
accs_data: [68.15 55.87 82.82 92.86]
Iteration: 5
accs_data: [67.7  55.87 84.07 92.53]
Iteration: 6
accs_data: [65.15 47.07 91.86 90.88]
Iteration: 7
accs_data: [66.15 47.07 91.86 91.21]
Iteration: 8
accs_data: [66.81 47.29 91.86 91.32]
Iteration: 9
accs_data: [67.26 47.29 91.86 91.32]

 Finish Run 2: total 112.10868453979492 sec

 ######## Run 3, cls_order :[5, 0, 6, 7, 2, 4, 1, 3] ########
Create exp stream : 4 tasks,  classes order [5, 0, 6, 7, 2, 4, 1, 3] 
Input shape (L, D): (315, 3)
Training set size: 722; Val set size: 84; Test set size: 3582
buffer has 40 slots
ER mode: task, NCM classifier: False
AL strategy: RandomIter
Batch size: 40
Number of samples per AL cycle: 9
Iteration: 0
Learning a new task
accs_data: 
 ######## Run 0, cls_order :[2, 1, 6, 0, 4, 5, 3, 7] ########
Create exp stream : 4 tasks,  classes order [2, 1, 6, 0, 4, 5, 3, 7] 
Input shape (L, D): (315, 3)
Training set size: 722; Val set size: 84; Test set size: 3582
buffer has 40 slots
ER mode: task, NCM classifier: False
AL strategy: Uncertainty
Batch size: 40
Number of samples in current task: 172
Number of samples per AL cycle: 8
AL cycle: 1 / 10
Learning a new task
task_columns: ['task_1', 'task_2', 'task_3', 'task_4']
accs_data: [50.11  0.    0.    0.  ]
AL cycle: 2 / 10
Shape of unlabelled data: (163, 315, 3)
accs_data: [50.11  0.    0.    0.  ]
AL cycle: 3 / 10
Shape of unlabelled data: (154, 315, 3)
accs_data: [86.75  0.    0.    0.  ]
AL cycle: 4 / 10
Shape of unlabelled data: (145, 315, 3)
accs_data: [97.13  0.    0.    0.  ]
AL cycle: 5 / 10
Shape of unlabelled data: (136, 315, 3)
accs_data: [99.67  0.    0.    0.  ]
AL cycle: 6 / 10
Shape of unlabelled data: (127, 315, 3)
accs_data: [99.67  0.    0.    0.  ]
AL cycle: 7 / 10
Shape of unlabelled data: (118, 315, 3)
accs_data: [99.12  0.    0.    0.  ]
AL cycle: 8 / 10
Shape of unlabelled data: (109, 315, 3)
accs_data: [98.57  0.    0.    0.  ]
AL cycle: 9 / 10
Shape of unlabelled data: (100, 315, 3)
accs_data: [98.23  0.    0.    0.  ]
AL cycle: 10 / 10
Shape of unlabelled data: (91, 315, 3)
accs_data: [97.46  0.    0.    0.  ]
Number of samples in current task: 187
Number of samples per AL cycle: 9
AL cycle: 1 / 10
Learning a new task
accs_data: [58.28 89.14  0.    0.  ]
AL cycle: 2 / 10
Shape of unlabelled data: (177, 315, 3)
accs_data: [51.32 92.19  0.    0.  ]
AL cycle: 3 / 10
Shape of unlabelled data: (167, 315, 3)
accs_data: [53.09 98.76  0.    0.  ]
AL cycle: 4 / 10
Shape of unlabelled data: (157, 315, 3)
accs_data: [50.55 98.98  0.    0.  ]
AL cycle: 5 / 10
Shape of unlabelled data: (147, 315, 3)
accs_data: [50.66 99.55  0.    0.  ]
AL cycle: 6 / 10
Shape of unlabelled data: (137, 315, 3)
accs_data: [50.11 99.55  0.    0.  ]
AL cycle: 7 / 10
Shape of unlabelled data: (127, 315, 3)
accs_data: [51.55 99.55  0.    0.  ]
AL cycle: 8 / 10
Shape of unlabelled data: (117, 315, 3)
accs_data: [52.98 99.77  0.    0.  ]
AL cycle: 9 / 10
Shape of unlabelled data: (107, 315, 3)
accs_data: [53.2  99.77  0.    0.  ]
AL cycle: 10 / 10
Shape of unlabelled data: (97, 315, 3)
accs_data: [53.2  99.66  0.    0.  ]
Number of samples in current task: 191
Number of samples per AL cycle: 9
AL cycle: 1 / 10
Learning a new task
accs_data: [54.19 91.29 49.55  0.  ]
AL cycle: 2 / 10
Shape of unlabelled data: (181, 315, 3)
accs_data: [50.66 74.55 67.69  0.  ]
AL cycle: 3 / 10
Shape of unlabelled data: (171, 315, 3)
accs_data: [48.79 82.47 80.95  0.  ]
AL cycle: 4 / 10
Shape of unlabelled data: (161, 315, 3)
accs_data: [49.12 79.86 85.71  0.  ]
AL cycle: 5 / 10
Shape of unlabelled data: (151, 315, 3)
accs_data: [48.45 78.96 86.96  0.  ]
AL cycle: 6 / 10
Shape of unlabelled data: (141, 315, 3)
accs_data: [48.79 77.94 88.44  0.  ]
AL cycle: 7 / 10
Shape of unlabelled data: (131, 315, 3)
accs_data: [49.45 77.04 89.8   0.  ]
AL cycle: 8 / 10
Shape of unlabelled data: (121, 315, 3)
accs_data: [50.   71.72 91.84  0.  ]
AL cycle: 9 / 10
Shape of unlabelled data: (111, 315, 3)
accs_data: [50.   72.06 91.84  0.  ]
AL cycle: 10 / 10
Shape of unlabelled data: (101, 315, 3)
accs_data: [49.78 72.74 91.95  0.  ]
Number of samples in current task: 172
Number of samples per AL cycle: 8
AL cycle: 1 / 10
Learning a new task
accs_data: [51.43 83.26 69.05 76.15]
AL cycle: 2 / 10
Shape of unlabelled data: (163, 315, 3)
accs_data: [49.34 75.   60.66 88.13]
AL cycle: 3 / 10
Shape of unlabelled data: (154, 315, 3)
accs_data: [47.9  75.79 65.08 92.86]
AL cycle: 4 / 10
Shape of unlabelled data: (145, 315, 3)
accs_data: [47.9  72.4  50.34 96.37]
AL cycle: 5 / 10
Shape of unlabelled data: (136, 315, 3)
accs_data: [48.68 68.1  58.84 97.36]
AL cycle: 6 / 10
Shape of unlabelled data: (127, 315, 3)
accs_data: [47.9  69.   53.17 98.13]
AL cycle: 7 / 10
Shape of unlabelled data: (118, 315, 3)
accs_data: [48.12 69.91 53.51 97.91]
AL cycle: 8 / 10
Shape of unlabelled data: (109, 315, 3)
accs_data: [48.23 70.7  54.2  98.02]
AL cycle: 9 / 10
Shape of unlabelled data: (100, 315, 3)
accs_data: [48.23 71.49 54.42 98.24]
AL cycle: 10 / 10
Shape of unlabelled data: (91, 315, 3)
accs_data: [48.34 71.27 55.33 98.35]

 Finish Run 0: total 114.25716638565063 sec

 ######## Run 1, cls_order :[0, 1, 5, 4, 7, 6, 2, 3] ########
Create exp stream : 4 tasks,  classes order [0, 1, 5, 4, 7, 6, 2, 3] 
Input shape (L, D): (315, 3)
Training set size: 722; Val set size: 84; Test set size: 3582
buffer has 40 slots
ER mode: task, NCM classifier: False
AL strategy: Uncertainty
Batch size: 40
Number of samples in current task: 183
Number of samples per AL cycle: 9
AL cycle: 1 / 10
Learning a new task
accs_data: [50.51  0.    0.    0.  ]
AL cycle: 2 / 10
Shape of unlabelled data: (173, 315, 3)
accs_data: [49.16  0.    0.    0.  ]
AL cycle: 3 / 10
Shape of unlabelled data: (163, 315, 3)
accs_data: [49.16  0.    0.    0.  ]
AL cycle: 4 / 10
Shape of unlabelled data: (153, 315, 3)
accs_data: [88.08  0.    0.    0.  ]
AL cycle: 5 / 10
Shape of unlabelled data: (143, 315, 3)
accs_data: [91.56  0.    0.    0.  ]
AL cycle: 6 / 10
Shape of unlabelled data: (133, 315, 3)
accs_data: [94.49  0.    0.    0.  ]
AL cycle: 7 / 10
Shape of unlabelled data: (123, 315, 3)
accs_data: [97.64  0.    0.    0.  ]
AL cycle: 8 / 10
Shape of unlabelled data: (113, 315, 3)
accs_data: [97.41  0.    0.    0.  ]
AL cycle: 9 / 10
Shape of unlabelled data: (103, 315, 3)
accs_data: [97.75  0.    0.    0.  ]
AL cycle: 10 / 10
Shape of unlabelled data: (93, 315, 3)
accs_data: [97.86  0.    0.    0.  ]
Number of samples in current task: 191
Number of samples per AL cycle: 9
AL cycle: 1 / 10
Learning a new task
accs_data: [87.4  63.49  0.    0.  ]
AL cycle: 2 / 10
Shape of unlabelled data: (181, 315, 3)
accs_data: [84.7  68.71  0.    0.  ]
AL cycle: 3 / 10
Shape of unlabelled data: (171, 315, 3)
accs_data: [86.95 88.89  0.    0.  ]
AL cycle: 4 / 10
Shape of unlabelled data: (161, 315, 3)
accs_data: [86.73 89.12  0.    0.  ]
AL cycle: 5 / 10
Shape of unlabelled data: (151, 315, 3)
accs_data: [86.73 89.34  0.    0.  ]
AL cycle: 6 / 10
Shape of unlabelled data: (141, 315, 3)
accs_data: [86.84 89.46  0.    0.  ]
AL cycle: 7 / 10
Shape of unlabelled data: (131, 315, 3)
accs_data: [87.18 89.23  0.    0.  ]
AL cycle: 8 / 10
Shape of unlabelled data: (121, 315, 3)
accs_data: [87.18 89.23  0.    0.  ]
AL cycle: 9 / 10
Shape of unlabelled data: (111, 315, 3)
accs_data: [86.95 89.23  0.    0.  ]
AL cycle: 10 / 10
Shape of unlabelled data: (101, 315, 3)
accs_data: [87.18 89.46  0.    0.  ]
Number of samples in current task: 173
Number of samples per AL cycle: 8
AL cycle: 1 / 10
Learning a new task
accs_data: [86.05 60.43 83.68  0.  ]
AL cycle: 2 / 10
Shape of unlabelled data: (164, 315, 3)
accs_data: [84.7  69.16 99.01  0.  ]
AL cycle: 3 / 10
Shape of unlabelled data: (155, 315, 3)
accs_data: [85.26 66.67 99.56  0.  ]
AL cycle: 4 / 10
Shape of unlabelled data: (146, 315, 3)
accs_data: [85.71 63.49 99.67  0.  ]
AL cycle: 5 / 10
Shape of unlabelled data: (137, 315, 3)
accs_data: [81.21 63.61 99.78  0.  ]
AL cycle: 6 / 10
Shape of unlabelled data: (128, 315, 3)
accs_data: [82.   64.17 99.78  0.  ]
AL cycle: 7 / 10
Shape of unlabelled data: (119, 315, 3)
accs_data: [82.23 63.83 99.78  0.  ]
AL cycle: 8 / 10
Shape of unlabelled data: (110, 315, 3)
accs_data: [82.45 64.51 99.89  0.  ]
AL cycle: 9 / 10
Shape of unlabelled data: (101, 315, 3)
accs_data: [82.56 64.29 99.89  0.  ]
AL cycle: 10 / 10
Shape of unlabelled data: (92, 315, 3)
accs_data: [82.34 62.7  99.89  0.  ]
Number of samples in current task: 175
Number of samples per AL cycle: 8
AL cycle: 1 / 10
Learning a new task
accs_data: [82.9  60.88 80.82 63.72]
AL cycle: 2 / 10
Shape of unlabelled data: (166, 315, 3)
accs_data: [76.83 59.3  72.33 78.43]
AL cycle: 3 / 10
Shape of unlabelled data: (157, 315, 3)
accs_data: [82.34 60.66 83.13 82.85]
AL cycle: 4 / 10
Shape of unlabelled data: (148, 315, 3)
accs_data: [81.33 62.7  74.64 89.6 ]
AL cycle: 5 / 10
Shape of unlabelled data: (139, 315, 3)
accs_data: [80.88 62.36 74.97 91.81]
AL cycle: 6 / 10
Shape of unlabelled data: (130, 315, 3)
accs_data: [80.09 60.43 75.52 94.03]
AL cycle: 7 / 10
Shape of unlabelled data: (121, 315, 3)
accs_data: [80.43 60.43 76.41 94.03]
AL cycle: 8 / 10
Shape of unlabelled data: (112, 315, 3)
accs_data: [80.65 62.02 78.83 94.03]
AL cycle: 9 / 10
Shape of unlabelled data: (103, 315, 3)
accs_data: [81.33 63.04 80.49 93.81]
AL cycle: 10 / 10
Shape of unlabelled data: (94, 315, 3)
accs_data: [81.21 63.27 82.36 93.58]

 Finish Run 1: total 129.53809118270874 sec

 ######## Run 2, cls_order :[2, 6, 0, 5, 4, 1, 7, 3] ########
Create exp stream : 4 tasks,  classes order [2, 6, 0, 5, 4, 1, 7, 3] 
Input shape (L, D): (315, 3)
Training set size: 722; Val set size: 84; Test set size: 3582
buffer has 40 slots
ER mode: task, NCM classifier: False
AL strategy: Uncertainty
Batch size: 40
Number of samples in current task: 176
Number of samples per AL cycle: 8
AL cycle: 1 / 10
Learning a new task
accs_data: [77.14  0.    0.    0.  ]
AL cycle: 2 / 10
Shape of unlabelled data: (167, 315, 3)
accs_data: [71.92  0.    0.    0.  ]
AL cycle: 3 / 10
Shape of unlabelled data: (158, 315, 3)
accs_data: [76.14  0.    0.    0.  ]
AL cycle: 4 / 10
Shape of unlabelled data: (149, 315, 3)
accs_data: [88.01  0.    0.    0.  ]
AL cycle: 5 / 10
Shape of unlabelled data: (140, 315, 3)
accs_data: [87.57  0.    0.    0.  ]
AL cycle: 6 / 10
Shape of unlabelled data: (131, 315, 3)
accs_data: [88.9  0.   0.   0. ]
AL cycle: 7 / 10
Shape of unlabelled data: (122, 315, 3)
accs_data: [88.46  0.    0.    0.  ]
AL cycle: 8 / 10
Shape of unlabelled data: (113, 315, 3)
accs_data: [87.46  0.    0.    0.  ]
AL cycle: 9 / 10
Shape of unlabelled data: (104, 315, 3)
accs_data: [85.79  0.    0.    0.  ]
AL cycle: 10 / 10
Shape of unlabelled data: (95, 315, 3)
accs_data: [85.02  0.    0.    0.  ]
Number of samples in current task: 185
Number of samples per AL cycle: 9
AL cycle: 1 / 10
Learning a new task
accs_data: [53.16 76.64  0.    0.  ]
AL cycle: 2 / 10
Shape of unlabelled data: (175, 315, 3)
accs_data: [85.13 80.36  0.    0.  ]
AL cycle: 3 / 10
Shape of unlabelled data: (165, 315, 3)
accs_data: [89.01 81.49  0.    0.  ]
AL cycle: 4 / 10
Shape of unlabelled data: (155, 315, 3)
accs_data: [89.12 82.39  0.    0.  ]
AL cycle: 5 / 10
Shape of unlabelled data: (145, 315, 3)
accs_data: [92.34 84.65  0.    0.  ]
AL cycle: 6 / 10
Shape of unlabelled data: (135, 315, 3)
accs_data: [92.01 84.99  0.    0.  ]
AL cycle: 7 / 10
Shape of unlabelled data: (125, 315, 3)
accs_data: [90.9  85.67  0.    0.  ]
AL cycle: 8 / 10
Shape of unlabelled data: (115, 315, 3)
accs_data: [90.46 86.34  0.    0.  ]
AL cycle: 9 / 10
Shape of unlabelled data: (105, 315, 3)
accs_data: [90.12 86.57  0.    0.  ]
AL cycle: 10 / 10
Shape of unlabelled data: (95, 315, 3)
accs_data: [87.57 88.37  0.    0.  ]
Number of samples in current task: 189
Number of samples per AL cycle: 9
AL cycle: 1 / 10
Learning a new task
accs_data: [78.25 71.9  72.77  0.  ]
AL cycle: 2 / 10
Shape of unlabelled data: (179, 315, 3)
accs_data: [68.48 58.69 95.48  0.  ]
AL cycle: 3 / 10
Shape of unlabelled data: (169, 315, 3)
accs_data: [75.25 53.84 97.06  0.  ]
AL cycle: 4 / 10
Shape of unlabelled data: (159, 315, 3)
accs_data: [84.91 63.09 97.97  0.  ]
AL cycle: 5 / 10
Shape of unlabelled data: (149, 315, 3)
accs_data: [77.91 74.94 96.61  0.  ]
AL cycle: 6 / 10
Shape of unlabelled data: (139, 315, 3)
accs_data: [80.69 69.64 98.53  0.  ]
AL cycle: 7 / 10
Shape of unlabelled data: (129, 315, 3)
accs_data: [80.36 69.53 98.53  0.  ]
AL cycle: 8 / 10
Shape of unlabelled data: (119, 315, 3)
accs_data: [84.35 70.99 98.76  0.  ]
AL cycle: 9 / 10
Shape of unlabelled data: (109, 315, 3)
accs_data: [86.02 69.86 98.87  0.  ]
AL cycle: 10 / 10
Shape of unlabelled data: (99, 315, 3)
accs_data: [85.24 71.22 98.87  0.  ]
Number of samples in current task: 172
Number of samples per AL cycle: 8
AL cycle: 1 / 10
Learning a new task
accs_data: [48.06 54.29 82.03 72.31]
AL cycle: 2 / 10
Shape of unlabelled data: (163, 315, 3)
accs_data: [67.92 71.33 66.44 86.59]
AL cycle: 3 / 10
Shape of unlabelled data: (154, 315, 3)
accs_data: [68.04 71.56 66.33 86.59]
AL cycle: 4 / 10
Shape of unlabelled data: (145, 315, 3)
accs_data: [62.82 70.32 72.88 94.07]
AL cycle: 5 / 10
Shape of unlabelled data: (136, 315, 3)
accs_data: [42.95 67.16 73.22 96.26]
AL cycle: 6 / 10
Shape of unlabelled data: (127, 315, 3)
accs_data: [70.7  69.53 66.21 97.25]
AL cycle: 7 / 10
Shape of unlabelled data: (118, 315, 3)
accs_data: [70.37 69.53 66.33 97.25]
AL cycle: 8 / 10
Shape of unlabelled data: (109, 315, 3)
accs_data: [47.5  69.75 68.25 95.6 ]
AL cycle: 9 / 10
Shape of unlabelled data: (100, 315, 3)
accs_data: [48.39 69.75 68.36 95.6 ]
AL cycle: 10 / 10
Shape of unlabelled data: (91, 315, 3)
accs_data: [49.28 69.86 68.25 95.49]

 Finish Run 2: total 107.79766154289246 sec

 ######## Run 3, cls_order :[5, 0, 6, 7, 2, 4, 1, 3] ########
Create exp stream : 4 tasks,  classes order [5, 0, 6, 7, 2, 4, 1, 3] 
Input shape (L, D): (315, 3)
Training set size: 722; Val set size: 84; Test set size: 3582
buffer has 40 slots
ER mode: task, NCM classifier: False
AL strategy: Uncertainty
Batch size: 40
Number of samples in current task: 185
Number of samples per AL cycle: 9
AL cycle: 1 / 10
Learning a new task
accs_data: [87.58  0.    0.    0.  ]
AL cycle: 2 / 10
Shape of unlabelled data: (175, 315, 3)
accs_data: [86.57  0.    0.    0.  ]
AL cycle: 3 / 10
Shape of unlabelled data: (165, 315, 3)
accs_data: [88.15  0.    0.    0.  ]
AL cycle: 4 / 10
Shape of unlabelled data: (155, 315, 3)
accs_data: [88.26  0.    0.    0.  ]
AL cycle: 5 / 10
Shape of unlabelled data: (145, 315, 3)
accs_data: [91.08  0.    0.    0.  ]
AL cycle: 6 / 10
Shape of unlabelled data: (135, 315, 3)
accs_data: [90.74  0.    0.    0.  ]
AL cycle: 7 / 10
Shape of unlabelled data: (125, 315, 3)
accs_data: [89.73  0.    0.    0.  ]
AL cycle: 8 / 10
Shape of unlabelled data: (115, 315, 3)
accs_data: [89.73  0.    0.    0.  ]
AL cycle: 9 / 10
Shape of unlabelled data: (105, 315, 3)
accs_data: [89.5  0.   0.   0. ]
AL cycle: 10 / 10
Shape of unlabelled data: (95, 315, 3)
accs_data: [89.62  0.    0.    0.  ]
Number of samples in current task: 173
Number of samples per AL cycle: 8
AL cycle: 1 / 10
Learning a new task
accs_data: [77.54 92.28  0.    0.  ]
AL cycle: 2 / 10
Shape of unlabelled data: (164, 315, 3)
accs_data: [68.85 99.45  0.    0.  ]
AL cycle: 3 / 10
Shape of unlabelled data: (155, 315, 3)
accs_data: [62.42 99.67  0.    0.  ]
AL cycle: 4 / 10
Shape of unlabelled data: (146, 315, 3)
accs_data: [69.75 99.89  0.    0.  ]
AL cycle: 5 / 10
Shape of unlabelled data: (137, 315, 3)
accs_data: [70.2  99.89  0.    0.  ]
AL cycle: 6 / 10
Shape of unlabelled data: (128, 315, 3)
accs_data: [72.57 99.89  0.    0.  ]
AL cycle: 7 / 10
Shape of unlabelled data: (119, 315, 3)
accs_data: [74.83 99.89  0.    0.  ]
AL cycle: 8 / 10
Shape of unlabelled data: (110, 315, 3)
accs_data: [74.72 99.89  0.    0.  ]
AL cycle: 9 / 10
Shape of unlabelled data: (101, 315, 3)
accs_data: [74.72 99.89  0.    0.  ]
AL cycle: 10 / 10
Shape of unlabelled data: (92, 315, 3)
accs_data: [74.94 99.89  0.    0.  ]
Number of samples in current task: 189
Number of samples per AL cycle: 9
AL cycle: 1 / 10
Learning a new task
accs_data: [48.65 95.04 74.63  0.  ]
AL cycle: 2 / 10
Shape of unlabelled data: (179, 315, 3)
accs_data: [60.05 86.99 83.09  0.  ]
AL cycle: 3 / 10
Shape of unlabelled data: (169, 315, 3)
accs_data: [66.37 92.5  86.7   0.  ]
AL cycle: 4 / 10
Shape of unlabelled data: (159, 315, 3)
accs_data: [66.37 93.61 90.08  0.  ]
AL cycle: 5 / 10
Shape of unlabelled data: (149, 315, 3)
accs_data: [68.62 93.27 91.21  0.  ]
AL cycle: 6 / 10
Shape of unlabelled data: (139, 315, 3)
accs_data: [62.87 96.58 93.01  0.  ]
AL cycle: 7 / 10
Shape of unlabelled data: (129, 315, 3)
accs_data: [69.3  96.25 93.46  0.  ]
AL cycle: 8 / 10
Shape of unlabelled data: (119, 315, 3)
accs_data: [72.01 95.92 94.02  0.  ]
AL cycle: 9 / 10
Shape of unlabelled data: (109, 315, 3)
accs_data: [71.78 96.36 94.02  0.  ]
AL cycle: 10 / 10
Shape of unlabelled data: (99, 315, 3)
accs_data: [71.78 96.36 94.14  0.  ]

 ######## Run 0, cls_order :[2, 1, 5, 0, 4, 3] ########
Create exp stream : 3 tasks,  classes order [2, 1, 5, 0, 4, 3] 
Input shape (L, D): (128, 9)
Training set size: 5952; Val set size: 664; Test set size: 2947
buffer has 366 slots
ER mode: task, NCM classifier: False
AL strategy: RandomIter
Batch size: 366
Number of samples per AL cycle: 83
Iteration: 0
Learning a new task
task_columns: ['task_1', 'task_2', 'task_3']
accs_data: [90.01  0.    0.  ]
Iteration: 1
accs_data: [91.13  0.    0.  ]
Iteration: 2
accs_data: [90.68  0.    0.  ]
Iteration: 3
accs_data: [93.38  0.    0.  ]
Iteration: 4
accs_data: [96.18  0.    0.  ]
Iteration: 5
accs_data: [96.07  0.    0.  ]
Iteration: 6
accs_data: [96.18  0.    0.  ]
Iteration: 7
accs_data: [96.18  0.    0.  ]
Iteration: 8
accs_data: [96.18  0.    0.  ]
Iteration: 9
accs_data: [96.18  0.    0.  ]
Number of samples per AL cycle: 106
Iteration: 0
Learning a new task
accs_data: [63.41 99.42  0.  ]
Iteration: 1
accs_data: [63.75 99.71  0.  ]
Iteration: 2
accs_data: [65.54 99.71  0.  ]
Iteration: 3
accs_data: [69.25 98.06  0.  ]
Iteration: 4
accs_data: [69.92 98.06  0.  ]
Iteration: 5
accs_data: [70.82 98.06  0.  ]
Iteration: 6
accs_data: [71.94 98.06  0.  ]
Iteration: 7
accs_data: [72.95 97.97  0.  ]
Iteration: 8
accs_data: [73.74 97.97  0.  ]
Iteration: 9
accs_data: [74.52 97.97  0.  ]
Number of samples per AL cycle: 107
Iteration: 0
Learning a new task
accs_data: [91.58 95.93 82.5 ]
Iteration: 1
accs_data: [89.56 97.   82.01]
Iteration: 2
accs_data: [89.23 96.13 83.19]
Iteration: 3
accs_data: [89.   96.22 82.5 ]
Iteration: 4
accs_data: [88.66 94.97 83.58]
Iteration: 5
accs_data: [88.78 95.16 84.26]
Iteration: 6
accs_data: [90.46 95.26 82.7 ]
Iteration: 7
accs_data: [88.66 96.13 81.82]
Iteration: 8
accs_data: [88.78 96.13 80.94]
Iteration: 9
accs_data: [88.44 96.32 82.31]

 Finish Run 0: total 183.5932173728943 sec

 ######## Run 1, cls_order :[0, 1, 5, 4, 2, 3] ########
Create exp stream : 3 tasks,  classes order [0, 1, 5, 4, 2, 3] 
Input shape (L, D): (128, 9)
Training set size: 5952; Val set size: 664; Test set size: 2947
buffer has 366 slots
ER mode: task, NCM classifier: False
AL strategy: RandomIter
Batch size: 366
Number of samples per AL cycle: 93
Iteration: 0
Learning a new task
accs_data: [99.07  0.    0.  ]
Iteration: 1
accs_data: [99.17  0.    0.  ]
Iteration: 2
accs_data: [98.76  0.    0.  ]
Iteration: 3
accs_data: [98.86  0.    0.  ]
Iteration: 4
accs_data: [98.86  0.    0.  ]
Iteration: 5
accs_data: [98.97  0.    0.  ]
Iteration: 6
accs_data: [95.97  0.    0.  ]
Iteration: 7
accs_data: [96.79  0.    0.  ]
Iteration: 8
accs_data: [96.48  0.    0.  ]
Iteration: 9
accs_data: [96.69  0.    0.  ]
Number of samples per AL cycle: 112
Iteration: 0
Learning a new task
accs_data: [98.55 99.63  0.  ]
Iteration: 1
accs_data: [98.45 99.63  0.  ]
Iteration: 2
accs_data: [98.45 99.63  0.  ]
Iteration: 3
accs_data: [98.45 99.63  0.  ]
Iteration: 4
accs_data: [99.79 99.81  0.  ]
Iteration: 5
accs_data: [99.69 99.81  0.  ]
Iteration: 6
accs_data: [99.69 99.81  0.  ]
Iteration: 7
accs_data: [99.69 99.81  0.  ]
Iteration: 8
accs_data: [99.69 99.81  0.  ]
Iteration: 9
accs_data: [99.69 99.81  0.  ]
Number of samples per AL cycle: 91
Iteration: 0
Learning a new task
accs_data: [61.12 76.43 95.06]
Iteration: 1
accs_data: [94.52 80.73 92.97]
Iteration: 2
accs_data: [93.07 78.11 93.74]
Iteration: 3
accs_data: [93.28 78.48 93.63]
Iteration: 4
accs_data: [93.49 78.77 93.63]
Iteration: 5
accs_data: [93.59 78.95 93.52]
Iteration: 6
accs_data: [93.9  79.23 93.41]
Iteration: 7
accs_data: [94.11 79.14 93.41]
Iteration: 8
accs_data: [94.21 79.23 93.41]
Iteration: 9
accs_data: [94.52 79.51 93.41]

 Finish Run 1: total 238.0934977531433 sec

 ######## Run 2, cls_order :[2, 4, 0, 1, 5, 3] ########
Create exp stream : 3 tasks,  classes order [2, 4, 0, 1, 5, 3] 
Input shape (L, D): (128, 9)
Training set size: 5952; Val set size: 664; Test set size: 2947
buffer has 366 slots
ER mode: task, NCM classifier: False
AL strategy: RandomIter
Batch size: 366
Number of samples per AL cycle: 95
Iteration: 0
Learning a new task
accs_data: [99.47  0.    0.  ]
Iteration: 1
accs_data: [99.68  0.    0.  ]
Iteration: 2
accs_data: [99.68  0.    0.  ]
Iteration: 3
accs_data: [99.68  0.    0.  ]
Iteration: 4
accs_data: [99.47  0.    0.  ]
Iteration: 5
accs_data: [99.58  0.    0.  ]
Iteration: 6
accs_data: [99.58  0.    0.  ]
Iteration: 7
accs_data: [99.68  0.    0.  ]
Iteration: 8
accs_data: [99.68  0.    0.  ]
Iteration: 9
accs_data: [99.89  0.    0.  ]
Number of samples per AL cycle: 93
Iteration: 0
Learning a new task
accs_data: [92.12 88.21  0.  ]
Iteration: 1
accs_data: [91.91 90.18  0.  ]
Iteration: 2
accs_data: [91.91 90.18  0.  ]
Iteration: 3
accs_data: [94.75 89.87  0.  ]
Iteration: 4
accs_data: [93.17 91.21  0.  ]
Iteration: 5
accs_data: [94.43 91.93  0.  ]
Iteration: 6
accs_data: [94.33 92.45  0.  ]
Iteration: 7
accs_data: [94.54 92.35  0.  ]
Iteration: 8
accs_data: [94.96 92.76  0.  ]
Iteration: 9
accs_data: [92.44 95.45  0.  ]
Number of samples per AL cycle: 108
Iteration: 0
Learning a new task
accs_data: [50.63 95.45 94.36]
Iteration: 1
accs_data: [48.   95.76 94.65]
Iteration: 2
accs_data: [51.16 95.55 94.46]
Iteration: 3
accs_data: [53.89 95.55 93.68]
Iteration: 4
accs_data: [56.62 95.45 93.58]
Iteration: 5
accs_data: [57.56 95.55 93.58]
Iteration: 6
accs_data: [60.92 95.45 93.29]
Iteration: 7
accs_data: [63.13 95.45 92.7 ]
Iteration: 8
accs_data: [61.87 92.35 96.5 ]
Iteration: 9
accs_data: [62.92 92.35 96.3 ]

 Finish Run 2: total 250.37538266181946 sec

 ######## Run 3, cls_order :[5, 4, 2, 0, 1, 3] ########
Create exp stream : 3 tasks,  classes order [5, 4, 2, 0, 1, 3] 
Input shape (L, D): (128, 9)
Training set size: 5952; Val set size: 664; Test set size: 2947
buffer has 366 slots
ER mode: task, NCM classifier: False
AL strategy: RandomIter
Batch size: 366
Number of samples per AL cycle: 112
Iteration: 0
Learning a new task
accs_data: [100.   0.   0.]
Iteration: 1
accs_data: [100.   0.   0.]
Iteration: 2
accs_data: [100.   0.   0.]
Iteration: 3
accs_data: [100.   0.   0.]
Iteration: 4
accs_data: [100.   0.   0.]
Iteration: 5
accs_data: [100.   0.   0.]
Iteration: 6
accs_data: [100.   0.   0.]
Iteration: 7
accs_data: [100.   0.   0.]
Iteration: 8
accs_data: [100.   0.   0.]
Iteration: 9
accs_data: [100.   0.   0.]
Number of samples per AL cycle: 89
Iteration: 0
Learning a new task
accs_data: [99.81 97.27  0.  ]
Iteration: 1
accs_data: [99.81 98.14  0.  ]
Iteration: 2
accs_data: [99.81 98.14  0.  ]
Iteration: 3
accs_data: [99.72 98.8   0.  ]
Iteration: 4
accs_data: [99.72 98.58  0.  ]
Iteration: 5
accs_data: [99.72 98.91  0.  ]
Iteration: 6
accs_data: [99.72 99.02  0.  ]
Iteration: 7
accs_data: [99.81 99.24  0.  ]
Iteration: 8
accs_data: [99.81 99.24  0.  ]
Iteration: 9
accs_data: [99.81 99.24  0.  ]
Number of samples per AL cycle: 94
Iteration: 0
Learning a new task
accs_data: [74.65 95.63 93.35]
Iteration: 1
accs_data: [75.77 95.74 92.52]
Iteration: 2
accs_data: [73.99 94.87 94.91]
Iteration: 3
accs_data: [75.68 88.97 94.8 ]
Iteration: 4
accs_data: [75.87 88.86 94.7 ]
Iteration: 5
accs_data: [76.43 88.76 94.28]
Iteration: 6
accs_data: [78.95 93.56 93.76]
Iteration: 7
accs_data: [77.64 91.27 93.97]
Iteration: 8
accs_data: [78.39 91.27 93.87]
Iteration: 9
accs_data: [78.39 91.48 93.76]

 Finish Run 3: total 287.2343168258667 sec

 ######## Run 4, cls_order :[1, 0, 3, 5, 2, 4] ########
Create exp stream : 3 tasks,  classes order [1, 0, 3, 5, 2, 4] 
Input shape (L, D): (128, 9)
Training set size: 5952; Val set size: 664; Test set size: 2947
buffer has 366 slots
ER mode: task, NCM classifier: False
AL strategy: RandomIter
Batch size: 366
Number of samples per AL cycle: 93
Iteration: 0
Learning a new task
accs_data: [98.14  0.    0.  ]
Iteration: 1
accs_data: [95.55  0.    0.  ]
Iteration: 2
accs_data: [94.52  0.    0.  ]
Iteration: 3
accs_data: [94.62  0.    0.  ]
Iteration: 4
accs_data: [94.62  0.    0.  ]
Iteration: 5
accs_data: [94.52  0.    0.  ]
Iteration: 6
accs_data: [94.83  0.    0.  ]
Iteration: 7
accs_data: [94.62  0.    0.  ]
Iteration: 8
accs_data: [94.42  0.    0.  ]
Iteration: 9
accs_data: [94.31  0.    0.  ]
